lib.jpush/build/outputs/logs/manifest-merger-debug-report.txt
-- Merging decision tree log ---
meta-data#JPUSH_APPKEY
INJECTED from src\main\AndroidManifest.xml:145:9-82
	android:value
		INJECTED from src\main\AndroidManifest.xml
		ADDED from src\main\AndroidManifest.xml:145:48-79
	android:name
		ADDED from src\main\AndroidManifest.xml:145:20-47
manifest
ADDED from src\main\AndroidManifest.xml:1:1-147:12
INJECTED from src\main\AndroidManifest.xml:1:1-147:12
INJECTED from src\main\AndroidManifest.xml:1:1-147:12
INJECTED from src\main\AndroidManifest.xml:1:1-147:12
INJECTED from src\main\AndroidManifest.xml:1:1-147:12
INJECTED from src\main\AndroidManifest.xml:1:1-147:12
INJECTED from src\main\AndroidManifest.xml:1:1-147:12
	package
		ADDED from src\main\AndroidManifest.xml:2:5-28
		INJECTED from src\main\AndroidManifest.xml
		INJECTED from src\main\AndroidManifest.xml
	android:versionName
		INJECTED from src\main\AndroidManifest.xml
		ADDED from src\main\AndroidManifest.xml:1:1-147:12
		INJECTED from src\main\AndroidManifest.xml
	android:versionCode
		INJECTED from src\main\AndroidManifest.xml
		ADDED from src\main\AndroidManifest.xml:1:1-147:12
		INJECTED from src\main\AndroidManifest.xml
	xmlns:android
		ADDED from src\main\AndroidManifest.xml:1:11-69
permission#${applicationId}.permission.JPUSH_MESSAGE
ADDED from src\main\AndroidManifest.xml:6:5-8:47
	android:protectionLevel
		ADDED from src\main\AndroidManifest.xml:8:9-44
	android:name
		ADDED from src\main\AndroidManifest.xml:7:9-65
uses-permission#${applicationId}.permission.JPUSH_MESSAGE
ADDED from src\main\AndroidManifest.xml:11:5-81
	android:name
		ADDED from src\main\AndroidManifest.xml:11:22-78
uses-permission#android.permission.RECEIVE_USER_PRESENT
ADDED from src\main\AndroidManifest.xml:12:5-79
	android:name
		ADDED from src\main\AndroidManifest.xml:12:22-76
uses-permission#android.permission.INTERNET
ADDED from src\main\AndroidManifest.xml:13:5-67
	android:name
		ADDED from src\main\AndroidManifest.xml:13:22-64
uses-permission#android.permission.WAKE_LOCK
ADDED from src\main\AndroidManifest.xml:14:5-68
	android:name
		ADDED from src\main\AndroidManifest.xml:14:22-65
uses-permission#android.permission.READ_PHONE_STATE
ADDED from src\main\AndroidManifest.xml:15:5-75
	android:name
		ADDED from src\main\AndroidManifest.xml:15:22-72
uses-permission#android.permission.WRITE_EXTERNAL_STORAGE
ADDED from src\main\AndroidManifest.xml:16:5-81
	android:name
		ADDED from src\main\AndroidManifest.xml:16:22-78
uses-permission#android.permission.READ_EXTERNAL_STORAGE
ADDED from src\main\AndroidManifest.xml:17:5-80
	android:name
		ADDED from src\main\AndroidManifest.xml:17:22-77
uses-permission#android.permission.WRITE_SETTINGS
ADDED from src\main\AndroidManifest.xml:18:5-73
	android:name
		ADDED from src\main\AndroidManifest.xml:18:22-70
uses-permission#android.permission.VIBRATE
ADDED from src\main\AndroidManifest.xml:19:5-66
	android:name
		ADDED from src\main\AndroidManifest.xml:19:22-63
uses-permission#android.permission.MOUNT_UNMOUNT_FILESYSTEMS
ADDED from src\main\AndroidManifest.xml:20:5-84
	android:name
		ADDED from src\main\AndroidManifest.xml:20:22-81
uses-permission#android.permission.ACCESS_NETWORK_STATE
ADDED from src\main\AndroidManifest.xml:21:5-79
	android:name
		ADDED from src\main\AndroidManifest.xml:21:22-76
uses-permission#android.permission.ACCESS_WIFI_STATE
ADDED from src\main\AndroidManifest.xml:22:5-76
	android:name
		ADDED from src\main\AndroidManifest.xml:22:22-73
uses-permission#android.permission.SYSTEM_ALERT_WINDOW
ADDED from src\main\AndroidManifest.xml:27:5-78
	android:name
		ADDED from src\main\AndroidManifest.xml:27:22-75
uses-permission#android.permission.ACCESS_COARSE_LOCATION
ADDED from src\main\AndroidManifest.xml:28:5-81
	android:name
		ADDED from src\main\AndroidManifest.xml:28:22-78
uses-permission#android.permission.CHANGE_WIFI_STATE
ADDED from src\main\AndroidManifest.xml:29:5-76
	android:name
		ADDED from src\main\AndroidManifest.xml:29:22-73
uses-permission#android.permission.ACCESS_FINE_LOCATION
ADDED from src\main\AndroidManifest.xml:30:5-79
	android:name
		ADDED from src\main\AndroidManifest.xml:30:22-76
uses-permission#android.permission.ACCESS_LOCATION_EXTRA_COMMANDS
ADDED from src\main\AndroidManifest.xml:31:5-89
	android:name
		ADDED from src\main\AndroidManifest.xml:31:22-86
uses-permission#android.permission.CHANGE_NETWORK_STATE
ADDED from src\main\AndroidManifest.xml:32:5-79
	android:name
		ADDED from src\main\AndroidManifest.xml:32:22-76
uses-permission#android.permission.GET_TASKS
ADDED from src\main\AndroidManifest.xml:33:5-68
	android:name
		ADDED from src\main\AndroidManifest.xml:33:22-65
application
ADDED from src\main\AndroidManifest.xml:35:5-146:19
activity#cn.jpush.android.ui.PopWinActivity
ADDED from src\main\AndroidManifest.xml:38:9-42:20
	android:exported
		ADDED from src\main\AndroidManifest.xml:41:13-37
	android:theme
		ADDED from src\main\AndroidManifest.xml:40:13-49
	android:name
		ADDED from src\main\AndroidManifest.xml:39:13-62
activity#cn.jpush.android.ui.PushActivity
ADDED from src\main\AndroidManifest.xml:45:9-55:20
	android:exported
		ADDED from src\main\AndroidManifest.xml:49:13-37
	android:configChanges
		ADDED from src\main\AndroidManifest.xml:47:13-63
	android:theme
		ADDED from src\main\AndroidManifest.xml:48:13-60
	android:name
		ADDED from src\main\AndroidManifest.xml:46:13-60
intent-filter#${applicationId}+android.intent.category.DEFAULT+cn.jpush.android.ui.PushActivity
ADDED from src\main\AndroidManifest.xml:50:13-54:29
action#cn.jpush.android.ui.PushActivity
ADDED from src\main\AndroidManifest.xml:51:17-75
	android:name
		ADDED from src\main\AndroidManifest.xml:51:25-72
category#android.intent.category.DEFAULT
ADDED from src\main\AndroidManifest.xml:52:17-76
	android:name
		ADDED from src\main\AndroidManifest.xml:52:27-73
category#${applicationId}
ADDED from src\main\AndroidManifest.xml:53:17-61
	android:name
		ADDED from src\main\AndroidManifest.xml:53:27-58
service#cn.jpush.android.service.PushService
ADDED from src\main\AndroidManifest.xml:59:9-69:19
	android:process
		ADDED from src\main\AndroidManifest.xml:61:13-36
	android:exported
		ADDED from src\main\AndroidManifest.xml:62:13-37
	android:name
		ADDED from src\main\AndroidManifest.xml:60:13-64
intent-filter#cn.jpush.android.intent.PUSH_TIME+cn.jpush.android.intent.PushService+cn.jpush.android.intent.REGISTER+cn.jpush.android.intent.REPORT
ADDED from src\main\AndroidManifest.xml:63:13-68:29
action#cn.jpush.android.intent.REGISTER
ADDED from src\main\AndroidManifest.xml:64:17-75
	android:name
		ADDED from src\main\AndroidManifest.xml:64:25-72
action#cn.jpush.android.intent.REPORT
ADDED from src\main\AndroidManifest.xml:65:17-73
	android:name
		ADDED from src\main\AndroidManifest.xml:65:25-70
action#cn.jpush.android.intent.PushService
ADDED from src\main\AndroidManifest.xml:66:17-78
	android:name
		ADDED from src\main\AndroidManifest.xml:66:25-75
action#cn.jpush.android.intent.PUSH_TIME
ADDED from src\main\AndroidManifest.xml:67:17-76
	android:name
		ADDED from src\main\AndroidManifest.xml:67:25-73
provider#cn.jpush.android.service.DataProvider
ADDED from src\main\AndroidManifest.xml:71:9-75:15
	android:authorities
		ADDED from src\main\AndroidManifest.xml:72:13-64
	android:exported
		ADDED from src\main\AndroidManifest.xml:74:13-37
	android:name
		ADDED from src\main\AndroidManifest.xml:73:13-65
service#cn.jpush.android.service.DaemonService
ADDED from src\main\AndroidManifest.xml:79:9-88:19
	android:enabled
		ADDED from src\main\AndroidManifest.xml:81:13-35
	android:exported
		ADDED from src\main\AndroidManifest.xml:82:13-36
	android:name
		ADDED from src\main\AndroidManifest.xml:80:13-66
intent-filter#${applicationId}+cn.jpush.android.intent.DaemonService
ADDED from src\main\AndroidManifest.xml:83:13-86:29
action#cn.jpush.android.intent.DaemonService
ADDED from src\main\AndroidManifest.xml:84:17-80
	android:name
		ADDED from src\main\AndroidManifest.xml:84:25-77
provider#cn.jpush.android.service.DownloadProvider
ADDED from src\main\AndroidManifest.xml:90:9-94:15
	android:authorities
		ADDED from src\main\AndroidManifest.xml:91:13-68
	android:exported
		ADDED from src\main\AndroidManifest.xml:93:13-36
	android:name
		ADDED from src\main\AndroidManifest.xml:92:13-69
receiver#cn.jpush.android.service.PushReceiver
ADDED from src\main\AndroidManifest.xml:96:9-115:20
	android:enabled
		ADDED from src\main\AndroidManifest.xml:98:13-35
	android:exported
		ADDED from src\main\AndroidManifest.xml:99:13-37
	android:name
		ADDED from src\main\AndroidManifest.xml:97:13-65
intent-filter#${applicationId}+cn.jpush.android.intent.NOTIFICATION_RECEIVED_PROXY
ADDED from src\main\AndroidManifest.xml:100:13-103:29
	android:priority
		ADDED from src\main\AndroidManifest.xml:100:28-51
action#cn.jpush.android.intent.NOTIFICATION_RECEIVED_PROXY
ADDED from src\main\AndroidManifest.xml:101:17-94
	android:name
		ADDED from src\main\AndroidManifest.xml:101:25-91
intent-filter#android.intent.action.USER_PRESENT+android.net.conn.CONNECTIVITY_CHANGE
ADDED from src\main\AndroidManifest.xml:104:13-107:29
action#android.intent.action.USER_PRESENT
ADDED from src\main\AndroidManifest.xml:105:17-77
	android:name
		ADDED from src\main\AndroidManifest.xml:105:25-74
action#android.net.conn.CONNECTIVITY_CHANGE
ADDED from src\main\AndroidManifest.xml:106:17-79
	android:name
		ADDED from src\main\AndroidManifest.xml:106:25-76
intent-filter#android.intent.action.PACKAGE_ADDED+android.intent.action.PACKAGE_REMOVED
ADDED from src\main\AndroidManifest.xml:109:13-114:29
action#android.intent.action.PACKAGE_ADDED
ADDED from src\main\AndroidManifest.xml:110:17-78
	android:name
		ADDED from src\main\AndroidManifest.xml:110:25-75
action#android.intent.action.PACKAGE_REMOVED
ADDED from src\main\AndroidManifest.xml:111:17-80
	android:name
		ADDED from src\main\AndroidManifest.xml:111:25-77
data
ADDED from src\main\AndroidManifest.xml:113:17-50
	android:scheme
		ADDED from src\main\AndroidManifest.xml:113:23-47
receiver#com.lib.jpush.receiver.JPushMsgReceiver
ADDED from src\main\AndroidManifest.xml:118:9-130:20
	android:enabled
		ADDED from src\main\AndroidManifest.xml:121:13-35
	android:exported
		ADDED from src\main\AndroidManifest.xml:120:13-37
	android:name
		ADDED from src\main\AndroidManifest.xml:119:13-67
intent-filter#${applicationId}+cn.jpush.android.intent.CONNECTION+cn.jpush.android.intent.MESSAGE_RECEIVED+cn.jpush.android.intent.NOTIFICATION_OPENED+cn.jpush.android.intent.NOTIFICATION_RECEIVED+cn.jpush.android.intent.REGISTRATION
ADDED from src\main\AndroidManifest.xml:122:13-129:29
action#cn.jpush.android.intent.REGISTRATION
ADDED from src\main\AndroidManifest.xml:123:17-79
	android:name
		ADDED from src\main\AndroidManifest.xml:123:25-76
action#cn.jpush.android.intent.MESSAGE_RECEIVED
ADDED from src\main\AndroidManifest.xml:124:17-83
	android:name
		ADDED from src\main\AndroidManifest.xml:124:25-80
action#cn.jpush.android.intent.NOTIFICATION_RECEIVED
ADDED from src\main\AndroidManifest.xml:125:17-88
	android:name
		ADDED from src\main\AndroidManifest.xml:125:25-85
action#cn.jpush.android.intent.NOTIFICATION_OPENED
ADDED from src\main\AndroidManifest.xml:126:17-86
	android:name
		ADDED from src\main\AndroidManifest.xml:126:25-83
action#cn.jpush.android.intent.CONNECTION
ADDED from src\main\AndroidManifest.xml:127:17-77
	android:name
		ADDED from src\main\AndroidManifest.xml:127:25-74
receiver#cn.jpush.android.service.AlarmReceiver
ADDED from src\main\AndroidManifest.xml:133:9-99
	android:exported
		ADDED from src\main\AndroidManifest.xml:133:73-97
	android:name
		ADDED from src\main\AndroidManifest.xml:133:19-72
receiver#com.lib.jpush.receiver.JPushOperatorReceiver
ADDED from src\main\AndroidManifest.xml:136:9-141:20
	android:name
		ADDED from src\main\AndroidManifest.xml:136:19-78
intent-filter#${applicationId}+cn.jpush.android.intent.RECEIVE_MESSAGE
ADDED from src\main\AndroidManifest.xml:137:13-140:29
action#cn.jpush.android.intent.RECEIVE_MESSAGE
ADDED from src\main\AndroidManifest.xml:138:17-82
	android:name
		ADDED from src\main\AndroidManifest.xml:138:25-79
meta-data#JPUSH_CHANNEL
ADDED from src\main\AndroidManifest.xml:144:9-84
	android:value
		ADDED from src\main\AndroidManifest.xml:144:49-82
	android:name
		ADDED from src\main\AndroidManifest.xml:144:20-48
uses-sdk
INJECTED from src\main\AndroidManifest.xml reason: use-sdk injection requested
INJECTED from src\main\AndroidManifest.xml
INJECTED from src\main\AndroidManifest.xml
INJECTED from src\main\AndroidManifest.xml
INJECTED from src\main\AndroidManifest.xml
	android:targetSdkVersion
		INJECTED from src\main\AndroidManifest.xml
		ADDED from src\main\AndroidManifest.xml
		INJECTED from src\main\AndroidManifest.xml
	android:minSdkVersion
		INJECTED from src\main\AndroidManifest.xml
		ADDED from src\main\AndroidManifest.xml
		INJECTED from src\main\AndroidManifest.xml